<?xml version="1.0" encoding="UTF-8"?>
<!-- Generated by org.testng.reporters.JUnitReportReporter -->
<testsuite hostname="DESKTOP-6QHHG6I" name="com.directLine.vehicleExistence.runners.VehicleSearchFailureFeatureRunner" tests="1" failures="0" timestamp="5 Jul 2019 15:47:52 GMT" time="61.818" errors="0">
  <testcase name="runCukes" time="61.818" classname="com.directLine.vehicleExistence.runners.VehicleSearchFailureFeatureRunner"/>
</testsuite> <!-- com.directLine.vehicleExistence.runners.VehicleSearchFailureFeatureRunner -->
