<?xml version="1.0" encoding="UTF-8"?>
<!-- Generated by org.testng.reporters.JUnitReportReporter -->
<testsuite hostname="DESKTOP-6QHHG6I" name="com.directLine.vehicleExistence.runners.VehicleSearchFeatureRunner" tests="1" failures="0" timestamp="5 Jul 2019 14:19:21 GMT" time="29.989" errors="0">
  <testcase name="runCukes" time="29.989" classname="com.directLine.vehicleExistence.runners.VehicleSearchFeatureRunner"/>
</testsuite> <!-- com.directLine.vehicleExistence.runners.VehicleSearchFeatureRunner -->
